1663006910710	geckodriver	INFO	Listening on 127.0.0.1:53807
1663006913755	mozrunner::runner	INFO	Running command: "C:\\Program Files\\Mozilla Firefox\\firefox.exe" "--marionette" "--remote-debugging-port" "53808" "--remote-allow-hosts" "localhost" "-no-remote" "-profile" "C:\\Users\\VRameev\\AppData\\Local\\Temp\\rust_mozprofileG2lK1O"
1663006914319	Marionette	INFO	Marionette enabled
console.warn: SearchSettings: "get: No settings file exists, new profile?" (new NotFoundError("Could not open the file at C:\\Users\\VRameev\\AppData\\Local\\Temp\\rust_mozprofileG2lK1O\\search.json.mozlz4", (void 0)))
DevTools listening on ws://localhost:53808/devtools/browser/0c5e4357-11c0-494e-ab3b-f25a9d41bde8
1663006917201	Marionette	INFO	Listening on port 53815
1663006917468	RemoteAgent	WARN	TLS certificate errors will be ignored for this session
1663006925446	Marionette	INFO	Stopped listening on port 53815
JavaScript error: resource:///modules/Interactions.jsm, line 209: NS_ERROR_FAILURE: Component returned failure code: 0x80004005 (NS_ERROR_FAILURE) [nsIUserIdleService.removeIdleObserver]
!!! error running onStopped callback: TypeError: callback is not a function

###!!! [Parent][RunMessage] Error: Channel closing: too late to send/recv, messages will be lost

1663006925907	RemoteAgent	ERROR	unable to stop listener: [Exception... "Component returned failure code: 0x8000ffff (NS_ERROR_UNEXPECTED) [nsIWindowMediator.getEnumerator]"  nsresult: "0x8000ffff (NS_ERROR_UNEXPECTED)"  location: "JS frame :: chrome://remote/content/cdp/observers/TargetObserver.jsm :: stop :: line 64"  data: no] Stack trace: stop()@TargetObserver.jsm:64
unwatchForTabs()@TargetList.jsm:70
unwatchForTargets()@TargetList.jsm:37
destructor()@TargetList.jsm:109
stop()@CDP.jsm:104
close()@RemoteAgent.jsm:138
1663008493871	geckodriver	INFO	Listening on 127.0.0.1:55812
1663008496930	mozrunner::runner	INFO	Running command: "C:\\Program Files\\Mozilla Firefox\\firefox.exe" "--marionette" "--remote-debugging-port" "55813" "--remote-allow-hosts" "localhost" "-no-remote" "-profile" "C:\\Users\\VRameev\\AppData\\Local\\Temp\\rust_mozprofilehLE4jG"
1663008497430	Marionette	INFO	Marionette enabled
console.warn: SearchSettings: "get: No settings file exists, new profile?" (new NotFoundError("Could not open the file at C:\\Users\\VRameev\\AppData\\Local\\Temp\\rust_mozprofilehLE4jG\\search.json.mozlz4", (void 0)))
DevTools listening on ws://localhost:55813/devtools/browser/a9299ece-4273-4337-8825-9d3894cb3df3
1663008500604	Marionette	INFO	Listening on port 55825
1663008501129	RemoteAgent	WARN	TLS certificate errors will be ignored for this session
1663008501400	Marionette	INFO	Stopped listening on port 55825
JavaScript error: resource:///modules/Interactions.jsm, line 209: NS_ERROR_FAILURE: Component returned failure code: 0x80004005 (NS_ERROR_FAILURE) [nsIUserIdleService.removeIdleObserver]
!!! error running onStopped callback: TypeError: callback is not a function

###!!! [Parent][RunMessage] Error: Channel closing: too late to send/recv, messages will be lost

1663008501923	RemoteAgent	ERROR	unable to stop listener: [Exception... "Component returned failure code: 0x8000ffff (NS_ERROR_UNEXPECTED) [nsIWindowMediator.getEnumerator]"  nsresult: "0x8000ffff (NS_ERROR_UNEXPECTED)"  location: "JS frame :: chrome://remote/content/cdp/observers/TargetObserver.jsm :: stop :: line 64"  data: no] Stack trace: stop()@TargetObserver.jsm:64
unwatchForTabs()@TargetList.jsm:70
unwatchForTargets()@TargetList.jsm:37
destructor()@TargetList.jsm:109
stop()@CDP.jsm:104
close()@RemoteAgent.jsm:138
1663008566648	geckodriver	INFO	Listening on 127.0.0.1:55931
1663008569719	mozrunner::runner	INFO	Running command: "C:\\Program Files\\Mozilla Firefox\\firefox.exe" "--marionette" "--remote-debugging-port" "55932" "--remote-allow-hosts" "localhost" "-no-remote" "-profile" "C:\\Users\\VRameev\\AppData\\Local\\Temp\\rust_mozprofilea7sB4I"
1663008570219	Marionette	INFO	Marionette enabled
console.warn: SearchSettings: "get: No settings file exists, new profile?" (new NotFoundError("Could not open the file at C:\\Users\\VRameev\\AppData\\Local\\Temp\\rust_mozprofilea7sB4I\\search.json.mozlz4", (void 0)))
DevTools listening on ws://localhost:55932/devtools/browser/266ecfac-0d0c-41d0-b2f7-07120343ece6
1663008573060	Marionette	INFO	Listening on port 55941
1663008573402	RemoteAgent	WARN	TLS certificate errors will be ignored for this session
1663008573563	Marionette	INFO	Stopped listening on port 55941
JavaScript error: resource:///modules/Interactions.jsm, line 209: NS_ERROR_FAILURE: Component returned failure code: 0x80004005 (NS_ERROR_FAILURE) [nsIUserIdleService.removeIdleObserver]
!!! error running onStopped callback: TypeError: callback is not a function
1663008574052	RemoteAgent	ERROR	unable to stop listener: [Exception... "Component returned failure code: 0x8000ffff (NS_ERROR_UNEXPECTED) [nsIWindowMediator.getEnumerator]"  nsresult: "0x8000ffff (NS_ERROR_UNEXPECTED)"  location: "JS frame :: chrome://remote/content/cdp/observers/TargetObserver.jsm :: stop :: line 64"  data: no] Stack trace: stop()@TargetObserver.jsm:64
unwatchForTabs()@TargetList.jsm:70
unwatchForTargets()@TargetList.jsm:37
destructor()@TargetList.jsm:109
stop()@CDP.jsm:104
close()@RemoteAgent.jsm:138
1663008605160	geckodriver	INFO	Listening on 127.0.0.1:56004
1663008608246	mozrunner::runner	INFO	Running command: "C:\\Program Files\\Mozilla Firefox\\firefox.exe" "--marionette" "--remote-debugging-port" "56005" "--remote-allow-hosts" "localhost" "-no-remote" "-profile" "C:\\Users\\VRameev\\AppData\\Local\\Temp\\rust_mozprofileAFDtI7"
1663008608770	Marionette	INFO	Marionette enabled
console.warn: SearchSettings: "get: No settings file exists, new profile?" (new NotFoundError("Could not open the file at C:\\Users\\VRameev\\AppData\\Local\\Temp\\rust_mozprofileAFDtI7\\search.json.mozlz4", (void 0)))
DevTools listening on ws://localhost:56005/devtools/browser/d5609a72-e8d5-4f63-86f9-74aef43b605d
1663008611573	Marionette	INFO	Listening on port 56012
1663008611941	RemoteAgent	WARN	TLS certificate errors will be ignored for this session
1663008612102	Marionette	INFO	Stopped listening on port 56012
JavaScript error: resource:///modules/Interactions.jsm, line 209: NS_ERROR_FAILURE: Component returned failure code: 0x80004005 (NS_ERROR_FAILURE) [nsIUserIdleService.removeIdleObserver]
!!! error running onStopped callback: TypeError: callback is not a function

###!!! [Parent][RunMessage] Error: Channel closing: too late to send/recv, messages will be lost

1663008612585	RemoteAgent	ERROR	unable to stop listener: [Exception... "Component returned failure code: 0x8000ffff (NS_ERROR_UNEXPECTED) [nsIWindowMediator.getEnumerator]"  nsresult: "0x8000ffff (NS_ERROR_UNEXPECTED)"  location: "JS frame :: chrome://remote/content/cdp/observers/TargetObserver.jsm :: stop :: line 64"  data: no] Stack trace: stop()@TargetObserver.jsm:64
unwatchForTabs()@TargetList.jsm:70
unwatchForTargets()@TargetList.jsm:37
destructor()@TargetList.jsm:109
stop()@CDP.jsm:104
close()@RemoteAgent.jsm:138
1663009674789	geckodriver	INFO	Listening on 127.0.0.1:56870
1663009677863	mozrunner::runner	INFO	Running command: "C:\\Program Files\\Mozilla Firefox\\firefox.exe" "--marionette" "--remote-debugging-port" "56871" "--remote-allow-hosts" "localhost" "-no-remote" "-profile" "C:\\Users\\VRameev\\AppData\\Local\\Temp\\rust_mozprofileZDWIIu"
1663009678533	Marionette	INFO	Marionette enabled
console.warn: SearchSettings: "get: No settings file exists, new profile?" (new NotFoundError("Could not open the file at C:\\Users\\VRameev\\AppData\\Local\\Temp\\rust_mozprofileZDWIIu\\search.json.mozlz4", (void 0)))
DevTools listening on ws://localhost:56871/devtools/browser/3821aa37-178f-4fbc-9ab7-95e4a008735a
1663009681715	Marionette	INFO	Listening on port 56881
1663009682077	RemoteAgent	WARN	TLS certificate errors will be ignored for this session
1663009682243	Marionette	INFO	Stopped listening on port 56881
JavaScript error: resource:///modules/Interactions.jsm, line 209: NS_ERROR_FAILURE: Component returned failure code: 0x80004005 (NS_ERROR_FAILURE) [nsIUserIdleService.removeIdleObserver]
!!! error running onStopped callback: TypeError: callback is not a function

###!!! [Parent][RunMessage] Error: Channel closing: too late to send/recv, messages will be lost

1663009682827	RemoteAgent	ERROR	unable to stop listener: [Exception... "Component returned failure code: 0x8000ffff (NS_ERROR_UNEXPECTED) [nsIWindowMediator.getEnumerator]"  nsresult: "0x8000ffff (NS_ERROR_UNEXPECTED)"  location: "JS frame :: chrome://remote/content/cdp/observers/TargetObserver.jsm :: stop :: line 64"  data: no] Stack trace: stop()@TargetObserver.jsm:64
unwatchForTabs()@TargetList.jsm:70
unwatchForTargets()@TargetList.jsm:37
destructor()@TargetList.jsm:109
stop()@CDP.jsm:104
close()@RemoteAgent.jsm:138
1663085110765	geckodriver	INFO	Listening on 127.0.0.1:62386
1663085113878	mozrunner::runner	INFO	Running command: "C:\\Program Files\\Mozilla Firefox\\firefox.exe" "--marionette" "--remote-debugging-port" "62387" "--remote-allow-hosts" "localhost" "-no-remote" "-profile" "C:\\Users\\VRameev\\AppData\\Local\\Temp\\rust_mozprofiledvI95d"
1663085114946	Marionette	INFO	Marionette enabled
console.warn: SearchSettings: "get: No settings file exists, new profile?" (new NotFoundError("Could not open the file at C:\\Users\\VRameev\\AppData\\Local\\Temp\\rust_mozprofiledvI95d\\search.json.mozlz4", (void 0)))
DevTools listening on ws://localhost:62387/devtools/browser/97146511-8a36-47d0-a494-493560ffad37
1663085118161	Marionette	INFO	Listening on port 62395
1663085118687	RemoteAgent	WARN	TLS certificate errors will be ignored for this session
1663085125302	Marionette	INFO	Stopped listening on port 62395
JavaScript error: resource:///modules/Interactions.jsm, line 209: NS_ERROR_FAILURE: Component returned failure code: 0x80004005 (NS_ERROR_FAILURE) [nsIUserIdleService.removeIdleObserver]
!!! error running onStopped callback: TypeError: callback is not a function

###!!! [Parent][RunMessage] Error: Channel closing: too late to send/recv, messages will be lost

1663085125858	RemoteAgent	ERROR	unable to stop listener: [Exception... "Component returned failure code: 0x8000ffff (NS_ERROR_UNEXPECTED) [nsIWindowMediator.getEnumerator]"  nsresult: "0x8000ffff (NS_ERROR_UNEXPECTED)"  location: "JS frame :: chrome://remote/content/cdp/observers/TargetObserver.jsm :: stop :: line 64"  data: no] Stack trace: stop()@TargetObserver.jsm:64
unwatchForTabs()@TargetList.jsm:70
unwatchForTargets()@TargetList.jsm:37
destructor()@TargetList.jsm:109
stop()@CDP.jsm:104
close()@RemoteAgent.jsm:138
1663092212990	geckodriver	INFO	Listening on 127.0.0.1:61752
1663092216084	mozrunner::runner	INFO	Running command: "C:\\Program Files\\Mozilla Firefox\\firefox.exe" "--marionette" "--remote-debugging-port" "61753" "--remote-allow-hosts" "localhost" "-no-remote" "-profile" "C:\\Users\\VRameev\\AppData\\Local\\Temp\\rust_mozprofileaFrmZf"
1663092216785	Marionette	INFO	Marionette enabled
console.warn: SearchSettings: "get: No settings file exists, new profile?" (new NotFoundError("Could not open the file at C:\\Users\\VRameev\\AppData\\Local\\Temp\\rust_mozprofileaFrmZf\\search.json.mozlz4", (void 0)))
DevTools listening on ws://localhost:61753/devtools/browser/2b8d486e-161c-40c9-863e-d74000f7dea1
1663092219950	Marionette	INFO	Listening on port 61760
1663092220312	RemoteAgent	WARN	TLS certificate errors will be ignored for this session
1663092220456	Marionette	INFO	Stopped listening on port 61760
JavaScript error: resource:///modules/Interactions.jsm, line 209: NS_ERROR_FAILURE: Component returned failure code: 0x80004005 (NS_ERROR_FAILURE) [nsIUserIdleService.removeIdleObserver]
!!! error running onStopped callback: TypeError: callback is not a function

###!!! [Parent][RunMessage] Error: Channel closing: too late to send/recv, messages will be lost

1663092220916	RemoteAgent	ERROR	unable to stop listener: [Exception... "Component returned failure code: 0x8000ffff (NS_ERROR_UNEXPECTED) [nsIWindowMediator.getEnumerator]"  nsresult: "0x8000ffff (NS_ERROR_UNEXPECTED)"  location: "JS frame :: chrome://remote/content/cdp/observers/TargetObserver.jsm :: stop :: line 64"  data: no] Stack trace: stop()@TargetObserver.jsm:64
unwatchForTabs()@TargetList.jsm:70
unwatchForTargets()@TargetList.jsm:37
destructor()@TargetList.jsm:109
stop()@CDP.jsm:104
close()@RemoteAgent.jsm:138
1663093317775	geckodriver	INFO	Listening on 127.0.0.1:63407
1663093320850	mozrunner::runner	INFO	Running command: "C:\\Program Files\\Mozilla Firefox\\firefox.exe" "--marionette" "--remote-debugging-port" "63408" "--remote-allow-hosts" "localhost" "-no-remote" "-profile" "C:\\Users\\VRameev\\AppData\\Local\\Temp\\rust_mozprofile918dRk"
1663093321393	Marionette	INFO	Marionette enabled
console.warn: SearchSettings: "get: No settings file exists, new profile?" (new NotFoundError("Could not open the file at C:\\Users\\VRameev\\AppData\\Local\\Temp\\rust_mozprofile918dRk\\search.json.mozlz4", (void 0)))
DevTools listening on ws://localhost:63408/devtools/browser/bc718309-b8fb-4f9b-a768-ef3355bdf795
1663093324642	Marionette	INFO	Listening on port 63419
1663093325107	RemoteAgent	WARN	TLS certificate errors will be ignored for this session
1663093325263	Marionette	INFO	Stopped listening on port 63419
JavaScript error: resource:///modules/Interactions.jsm, line 209: NS_ERROR_FAILURE: Component returned failure code: 0x80004005 (NS_ERROR_FAILURE) [nsIUserIdleService.removeIdleObserver]
!!! error running onStopped callback: TypeError: callback is not a function

###!!! [Parent][RunMessage] Error: Channel closing: too late to send/recv, messages will be lost

1663093325802	RemoteAgent	ERROR	unable to stop listener: [Exception... "Component returned failure code: 0x8000ffff (NS_ERROR_UNEXPECTED) [nsIWindowMediator.getEnumerator]"  nsresult: "0x8000ffff (NS_ERROR_UNEXPECTED)"  location: "JS frame :: chrome://remote/content/cdp/observers/TargetObserver.jsm :: stop :: line 64"  data: no] Stack trace: stop()@TargetObserver.jsm:64
unwatchForTabs()@TargetList.jsm:70
unwatchForTargets()@TargetList.jsm:37
destructor()@TargetList.jsm:109
stop()@CDP.jsm:104
close()@RemoteAgent.jsm:138
1663094853583	geckodriver	INFO	Listening on 127.0.0.1:64780
1663094856675	mozrunner::runner	INFO	Running command: "C:\\Program Files\\Mozilla Firefox\\firefox.exe" "--marionette" "--remote-debugging-port" "64781" "--remote-allow-hosts" "localhost" "-no-remote" "-profile" "C:\\Users\\VRameev\\AppData\\Local\\Temp\\rust_mozprofiledJrZUX"
1663094857193	Marionette	INFO	Marionette enabled
console.warn: SearchSettings: "get: No settings file exists, new profile?" (new NotFoundError("Could not open the file at C:\\Users\\VRameev\\AppData\\Local\\Temp\\rust_mozprofiledJrZUX\\search.json.mozlz4", (void 0)))
DevTools listening on ws://localhost:64781/devtools/browser/6a716f2c-3f6e-4df3-ba5d-cffd876264c6
1663094860184	Marionette	INFO	Listening on port 64788
1663094860377	RemoteAgent	WARN	TLS certificate errors will be ignored for this session
1663094866979	Marionette	INFO	Stopped listening on port 64788
JavaScript error: resource:///modules/Interactions.jsm, line 209: NS_ERROR_FAILURE: Component returned failure code: 0x80004005 (NS_ERROR_FAILURE) [nsIUserIdleService.removeIdleObserver]
!!! error running onStopped callback: TypeError: callback is not a function

###!!! [Parent][RunMessage] Error: Channel closing: too late to send/recv, messages will be lost

1663094867523	RemoteAgent	ERROR	unable to stop listener: [Exception... "Component returned failure code: 0x8000ffff (NS_ERROR_UNEXPECTED) [nsIWindowMediator.getEnumerator]"  nsresult: "0x8000ffff (NS_ERROR_UNEXPECTED)"  location: "JS frame :: chrome://remote/content/cdp/observers/TargetObserver.jsm :: stop :: line 64"  data: no] Stack trace: stop()@TargetObserver.jsm:64
unwatchForTabs()@TargetList.jsm:70
unwatchForTargets()@TargetList.jsm:37
destructor()@TargetList.jsm:109
stop()@CDP.jsm:104
close()@RemoteAgent.jsm:138
1663095581536	geckodriver	INFO	Listening on 127.0.0.1:65368
1663095584633	mozrunner::runner	INFO	Running command: "C:\\Program Files\\Mozilla Firefox\\firefox.exe" "--marionette" "--remote-debugging-port" "65369" "--remote-allow-hosts" "localhost" "-no-remote" "-profile" "C:\\Users\\VRameev\\AppData\\Local\\Temp\\rust_mozprofilemtMrYq"
1663095585165	Marionette	INFO	Marionette enabled
console.warn: SearchSettings: "get: No settings file exists, new profile?" (new NotFoundError("Could not open the file at C:\\Users\\VRameev\\AppData\\Local\\Temp\\rust_mozprofilemtMrYq\\search.json.mozlz4", (void 0)))
DevTools listening on ws://localhost:65369/devtools/browser/4f5bc892-402a-4721-8afa-5ef9a0d2c08f
1663095588304	Marionette	INFO	Listening on port 65375
1663095588330	RemoteAgent	WARN	TLS certificate errors will be ignored for this session
1663095594971	Marionette	INFO	Stopped listening on port 65375
JavaScript error: resource:///modules/Interactions.jsm, line 209: NS_ERROR_FAILURE: Component returned failure code: 0x80004005 (NS_ERROR_FAILURE) [nsIUserIdleService.removeIdleObserver]
!!! error running onStopped callback: TypeError: callback is not a function
1663095595469	RemoteAgent	ERROR	unable to stop listener: [Exception... "Component returned failure code: 0x8000ffff (NS_ERROR_UNEXPECTED) [nsIWindowMediator.getEnumerator]"  nsresult: "0x8000ffff (NS_ERROR_UNEXPECTED)"  location: "JS frame :: chrome://remote/content/cdp/observers/TargetObserver.jsm :: stop :: line 64"  data: no] Stack trace: stop()@TargetObserver.jsm:64
unwatchForTabs()@TargetList.jsm:70
unwatchForTargets()@TargetList.jsm:37
destructor()@TargetList.jsm:109
stop()@CDP.jsm:104
close()@RemoteAgent.jsm:138
1663095646932	geckodriver	INFO	Listening on 127.0.0.1:65464
1663095650013	mozrunner::runner	INFO	Running command: "C:\\Program Files\\Mozilla Firefox\\firefox.exe" "--marionette" "--remote-debugging-port" "65465" "--remote-allow-hosts" "localhost" "-no-remote" "-profile" "C:\\Users\\VRameev\\AppData\\Local\\Temp\\rust_mozprofilegh7Oss"
1663095650576	Marionette	INFO	Marionette enabled
console.warn: SearchSettings: "get: No settings file exists, new profile?" (new NotFoundError("Could not open the file at C:\\Users\\VRameev\\AppData\\Local\\Temp\\rust_mozprofilegh7Oss\\search.json.mozlz4", (void 0)))
DevTools listening on ws://localhost:65465/devtools/browser/3f4767ef-e070-48ff-a7a0-8c06ce22525d
1663095653702	Marionette	INFO	Listening on port 65471
1663095654222	RemoteAgent	WARN	TLS certificate errors will be ignored for this session
1663095654360	Marionette	INFO	Stopped listening on port 65471
JavaScript error: resource:///modules/Interactions.jsm, line 209: NS_ERROR_FAILURE: Component returned failure code: 0x80004005 (NS_ERROR_FAILURE) [nsIUserIdleService.removeIdleObserver]
!!! error running onStopped callback: TypeError: callback is not a function

###!!! [Parent][RunMessage] Error: Channel closing: too late to send/recv, messages will be lost

1663095654871	RemoteAgent	ERROR	unable to stop listener: [Exception... "Component returned failure code: 0x8000ffff (NS_ERROR_UNEXPECTED) [nsIWindowMediator.getEnumerator]"  nsresult: "0x8000ffff (NS_ERROR_UNEXPECTED)"  location: "JS frame :: chrome://remote/content/cdp/observers/TargetObserver.jsm :: stop :: line 64"  data: no] Stack trace: stop()@TargetObserver.jsm:64
unwatchForTabs()@TargetList.jsm:70
unwatchForTargets()@TargetList.jsm:37
destructor()@TargetList.jsm:109
stop()@CDP.jsm:104
close()@RemoteAgent.jsm:138
1663266663715	geckodriver	INFO	Listening on 127.0.0.1:65463
1663266666831	mozrunner::runner	INFO	Running command: "C:\\Program Files\\Mozilla Firefox\\firefox.exe" "--marionette" "--remote-debugging-port" "65464" "--remote-allow-hosts" "localhost" "-no-remote" "-profile" "C:\\Users\\VRameev\\AppData\\Local\\Temp\\rust_mozprofileB7T2Mh"
1663266667538	Marionette	INFO	Marionette enabled
console.warn: SearchSettings: "get: No settings file exists, new profile?" (new NotFoundError("Could not open the file at C:\\Users\\VRameev\\AppData\\Local\\Temp\\rust_mozprofileB7T2Mh\\search.json.mozlz4", (void 0)))
DevTools listening on ws://localhost:65464/devtools/browser/3e10a9ca-7873-4a35-b94d-9322d7f6f73a
1663266670851	Marionette	INFO	Listening on port 65470
1663266671069	RemoteAgent	WARN	TLS certificate errors will be ignored for this session
1663266671281	Marionette	INFO	Stopped listening on port 65470
JavaScript error: resource:///modules/Interactions.jsm, line 209: NS_ERROR_FAILURE: Component returned failure code: 0x80004005 (NS_ERROR_FAILURE) [nsIUserIdleService.removeIdleObserver]
!!! error running onStopped callback: TypeError: callback is not a function

###!!! [Parent][RunMessage] Error: Channel closing: too late to send/recv, messages will be lost

1663266671805	RemoteAgent	ERROR	unable to stop listener: [Exception... "Component returned failure code: 0x8000ffff (NS_ERROR_UNEXPECTED) [nsIWindowMediator.getEnumerator]"  nsresult: "0x8000ffff (NS_ERROR_UNEXPECTED)"  location: "JS frame :: chrome://remote/content/cdp/observers/TargetObserver.jsm :: stop :: line 64"  data: no] Stack trace: stop()@TargetObserver.jsm:64
unwatchForTabs()@TargetList.jsm:70
unwatchForTargets()@TargetList.jsm:37
destructor()@TargetList.jsm:109
stop()@CDP.jsm:104
close()@RemoteAgent.jsm:138
1663266713842	geckodriver	INFO	Listening on 127.0.0.1:49154
1663266716930	mozrunner::runner	INFO	Running command: "C:\\Program Files\\Mozilla Firefox\\firefox.exe" "--marionette" "--remote-debugging-port" "49155" "--remote-allow-hosts" "localhost" "-no-remote" "-profile" "C:\\Users\\VRameev\\AppData\\Local\\Temp\\rust_mozprofilehbiSqN"
1663266717504	Marionette	INFO	Marionette enabled
console.warn: SearchSettings: "get: No settings file exists, new profile?" (new NotFoundError("Could not open the file at C:\\Users\\VRameev\\AppData\\Local\\Temp\\rust_mozprofilehbiSqN\\search.json.mozlz4", (void 0)))
DevTools listening on ws://localhost:49155/devtools/browser/0daa4ee4-00f1-4346-bb2d-825bb59b8db5
1663266720453	Marionette	INFO	Listening on port 49162
1663266720627	RemoteAgent	WARN	TLS certificate errors will be ignored for this session
1663266720919	Marionette	INFO	Stopped listening on port 49162
JavaScript error: resource:///modules/Interactions.jsm, line 209: NS_ERROR_FAILURE: Component returned failure code: 0x80004005 (NS_ERROR_FAILURE) [nsIUserIdleService.removeIdleObserver]
!!! error running onStopped callback: TypeError: callback is not a function

###!!! [Parent][RunMessage] Error: Channel closing: too late to send/recv, messages will be lost

1663266721455	RemoteAgent	ERROR	unable to stop listener: [Exception... "Component returned failure code: 0x8000ffff (NS_ERROR_UNEXPECTED) [nsIWindowMediator.getEnumerator]"  nsresult: "0x8000ffff (NS_ERROR_UNEXPECTED)"  location: "JS frame :: chrome://remote/content/cdp/observers/TargetObserver.jsm :: stop :: line 64"  data: no] Stack trace: stop()@TargetObserver.jsm:64
unwatchForTabs()@TargetList.jsm:70
unwatchForTargets()@TargetList.jsm:37
destructor()@TargetList.jsm:109
stop()@CDP.jsm:104
close()@RemoteAgent.jsm:138
1663266762970	geckodriver	INFO	Listening on 127.0.0.1:49209
1663266766052	mozrunner::runner	INFO	Running command: "C:\\Program Files\\Mozilla Firefox\\firefox.exe" "--marionette" "--remote-debugging-port" "49210" "--remote-allow-hosts" "localhost" "-no-remote" "-profile" "C:\\Users\\VRameev\\AppData\\Local\\Temp\\rust_mozprofileCWfBTs"
1663266766602	Marionette	INFO	Marionette enabled
console.warn: SearchSettings: "get: No settings file exists, new profile?" (new NotFoundError("Could not open the file at C:\\Users\\VRameev\\AppData\\Local\\Temp\\rust_mozprofileCWfBTs\\search.json.mozlz4", (void 0)))
DevTools listening on ws://localhost:49210/devtools/browser/41ac2b7c-809a-4c9d-ba5b-afb0399eba17
1663266769727	Marionette	INFO	Listening on port 49216
1663266770276	RemoteAgent	WARN	TLS certificate errors will be ignored for this session
JavaScript error: resource://gre/actors/AutoCompleteChild.jsm, line 125: Error: Invalid autocomplete selectedIndex
1663266775500	Marionette	INFO	Stopped listening on port 49216
JavaScript error: resource:///modules/Interactions.jsm, line 209: NS_ERROR_FAILURE: Component returned failure code: 0x80004005 (NS_ERROR_FAILURE) [nsIUserIdleService.removeIdleObserver]
!!! error running onStopped callback: TypeError: callback is not a function
1663266776029	RemoteAgent	ERROR	unable to stop listener: [Exception... "Component returned failure code: 0x8000ffff (NS_ERROR_UNEXPECTED) [nsIWindowMediator.getEnumerator]"  nsresult: "0x8000ffff (NS_ERROR_UNEXPECTED)"  location: "JS frame :: chrome://remote/content/cdp/observers/TargetObserver.jsm :: stop :: line 64"  data: no] Stack trace: stop()@TargetObserver.jsm:64
unwatchForTabs()@TargetList.jsm:70
unwatchForTargets()@TargetList.jsm:37
destructor()@TargetList.jsm:109
stop()@CDP.jsm:104
close()@RemoteAgent.jsm:138
1663266835483	geckodriver	INFO	Listening on 127.0.0.1:49315
1663266838562	mozrunner::runner	INFO	Running command: "C:\\Program Files\\Mozilla Firefox\\firefox.exe" "--marionette" "--remote-debugging-port" "49316" "--remote-allow-hosts" "localhost" "-no-remote" "-profile" "C:\\Users\\VRameev\\AppData\\Local\\Temp\\rust_mozprofileksTq7n"
1663266839157	Marionette	INFO	Marionette enabled
console.warn: SearchSettings: "get: No settings file exists, new profile?" (new NotFoundError("Could not open the file at C:\\Users\\VRameev\\AppData\\Local\\Temp\\rust_mozprofileksTq7n\\search.json.mozlz4", (void 0)))
DevTools listening on ws://localhost:49316/devtools/browser/974f9f9b-fa3d-44e9-82df-e7d985d61129
1663266842514	Marionette	INFO	Listening on port 49322
1663266842793	RemoteAgent	WARN	TLS certificate errors will be ignored for this session
JavaScript error: resource://gre/actors/AutoCompleteChild.jsm, line 125: Error: Invalid autocomplete selectedIndex
1663266848023	Marionette	INFO	Stopped listening on port 49322
JavaScript error: resource:///modules/Interactions.jsm, line 209: NS_ERROR_FAILURE: Component returned failure code: 0x80004005 (NS_ERROR_FAILURE) [nsIUserIdleService.removeIdleObserver]
!!! error running onStopped callback: TypeError: callback is not a function

###!!! [Parent][RunMessage] Error: Channel closing: too late to send/recv, messages will be lost

1663266848576	RemoteAgent	ERROR	unable to stop listener: [Exception... "Component returned failure code: 0x8000ffff (NS_ERROR_UNEXPECTED) [nsIWindowMediator.getEnumerator]"  nsresult: "0x8000ffff (NS_ERROR_UNEXPECTED)"  location: "JS frame :: chrome://remote/content/cdp/observers/TargetObserver.jsm :: stop :: line 64"  data: no] Stack trace: stop()@TargetObserver.jsm:64
unwatchForTabs()@TargetList.jsm:70
unwatchForTargets()@TargetList.jsm:37
destructor()@TargetList.jsm:109
stop()@CDP.jsm:104
close()@RemoteAgent.jsm:138
1663266919545	geckodriver	INFO	Listening on 127.0.0.1:49417
1663266922627	mozrunner::runner	INFO	Running command: "C:\\Program Files\\Mozilla Firefox\\firefox.exe" "--marionette" "--remote-debugging-port" "49418" "--remote-allow-hosts" "localhost" "-no-remote" "-profile" "C:\\Users\\VRameev\\AppData\\Local\\Temp\\rust_mozprofileTPlT39"
1663266923123	Marionette	INFO	Marionette enabled
console.warn: SearchSettings: "get: No settings file exists, new profile?" (new NotFoundError("Could not open the file at C:\\Users\\VRameev\\AppData\\Local\\Temp\\rust_mozprofileTPlT39\\search.json.mozlz4", (void 0)))
DevTools listening on ws://localhost:49418/devtools/browser/6ac66ea9-8fa1-4afe-8990-641c39e8cd79
1663266926295	Marionette	INFO	Listening on port 49428
1663266926343	RemoteAgent	WARN	TLS certificate errors will be ignored for this session
JavaScript error: resource://gre/actors/AutoCompleteChild.jsm, line 125: Error: Invalid autocomplete selectedIndex
1663266931573	Marionette	INFO	Stopped listening on port 49428
JavaScript error: resource:///modules/Interactions.jsm, line 209: NS_ERROR_FAILURE: Component returned failure code: 0x80004005 (NS_ERROR_FAILURE) [nsIUserIdleService.removeIdleObserver]
!!! error running onStopped callback: TypeError: callback is not a function

###!!! [Parent][RunMessage] Error: Channel closing: too late to send/recv, messages will be lost

1663266932103	RemoteAgent	ERROR	unable to stop listener: [Exception... "Component returned failure code: 0x8000ffff (NS_ERROR_UNEXPECTED) [nsIWindowMediator.getEnumerator]"  nsresult: "0x8000ffff (NS_ERROR_UNEXPECTED)"  location: "JS frame :: chrome://remote/content/cdp/observers/TargetObserver.jsm :: stop :: line 64"  data: no] Stack trace: stop()@TargetObserver.jsm:64
unwatchForTabs()@TargetList.jsm:70
unwatchForTargets()@TargetList.jsm:37
destructor()@TargetList.jsm:109
stop()@CDP.jsm:104
close()@RemoteAgent.jsm:138
1663267016323	geckodriver	INFO	Listening on 127.0.0.1:49538
1663267019417	mozrunner::runner	INFO	Running command: "C:\\Program Files\\Mozilla Firefox\\firefox.exe" "--marionette" "--remote-debugging-port" "49539" "--remote-allow-hosts" "localhost" "-no-remote" "-profile" "C:\\Users\\VRameev\\AppData\\Local\\Temp\\rust_mozprofilekxxFN8"
1663267020017	Marionette	INFO	Marionette enabled
console.warn: SearchSettings: "get: No settings file exists, new profile?" (new NotFoundError("Could not open the file at C:\\Users\\VRameev\\AppData\\Local\\Temp\\rust_mozprofilekxxFN8\\search.json.mozlz4", (void 0)))
DevTools listening on ws://localhost:49539/devtools/browser/be699fe7-2f4c-4df3-9135-53dc547bc805
1663267023157	Marionette	INFO	Listening on port 49548
1663267023641	RemoteAgent	WARN	TLS certificate errors will be ignored for this session
JavaScript error: resource://gre/actors/AutoCompleteChild.jsm, line 125: Error: Invalid autocomplete selectedIndex
1663267028890	Marionette	INFO	Stopped listening on port 49548
JavaScript error: resource:///modules/Interactions.jsm, line 209: NS_ERROR_FAILURE: Component returned failure code: 0x80004005 (NS_ERROR_FAILURE) [nsIUserIdleService.removeIdleObserver]
!!! error running onStopped callback: TypeError: callback is not a function

###!!! [Parent][RunMessage] Error: Channel closing: too late to send/recv, messages will be lost

1663267029489	RemoteAgent	ERROR	unable to stop listener: [Exception... "Component returned failure code: 0x8000ffff (NS_ERROR_UNEXPECTED) [nsIWindowMediator.getEnumerator]"  nsresult: "0x8000ffff (NS_ERROR_UNEXPECTED)"  location: "JS frame :: chrome://remote/content/cdp/observers/TargetObserver.jsm :: stop :: line 64"  data: no] Stack trace: stop()@TargetObserver.jsm:64
unwatchForTabs()@TargetList.jsm:70
unwatchForTargets()@TargetList.jsm:37
destructor()@TargetList.jsm:109
stop()@CDP.jsm:104
close()@RemoteAgent.jsm:138
